Arguments: 
  /usr/bin/node /usr/bin/yarn dev

PATH: 
  /home/marcos/.poetry/bin:/home/marcos/.poetry/bin:/home/marcos/.local/bin:/usr/local/sbin:/usr/local/bin:/usr/sbin:/usr/bin:/sbin:/bin:/usr/games:/usr/local/games:/snap/bin

Yarn version: 
  1.22.19

Node version: 
  18.16.0

Platform: 
  linux x64

Trace: 
  TypeError [ERR_INVALID_ARG_TYPE]: The "path" argument must be of type string. Received [Object: null prototype]
      at new NodeError (node:internal/errors:399:5)
      at validateString (node:internal/validators:163:11)
      at Object.isAbsolute (node:path:1157:5)
      at module.exports.exports.default (/usr/lib/node_modules/yarn/lib/cli.js:97087:16)
      at /usr/lib/node_modules/yarn/lib/cli.js:51330:63
      at Generator.next (<anonymous>)
      at step (/usr/lib/node_modules/yarn/lib/cli.js:310:30)
      at /usr/lib/node_modules/yarn/lib/cli.js:321:13

npm manifest: 
  {
    "dependencies": {
      "@handlebars/allow-prototype-access": "^1.0.5",
      "alert": "^5.1.4",
      "body-parser": "^1.20.2",
      "express": "^4.18.2",
      "express-handlebars": "^7.0.7",
      "materialize-css": "^1.0.0-rc.2",
      "popups": "^1.1.3",
      "sequelize": "^6.30.0"
    },
    "devDependencies": {
      "handlebars": "^4.5.0",
      "nodemon": "^2.0.22",
      "license": "MIT",
      "scritps": {
        "dev": "nodemon app/app.js"
      }
    }
  }

yarn manifest: 
  No manifest

Lockfile: 
  No lockfile
